2023-01-20 09:05:43,274 INFO  [restartedMain] com.tpe.Springbootintro2Application:Starting Springbootintro2Application using Java 11.0.16.1 on DESKTOP-5OH89VO with PID 27640 (C:\Users\alikc\IdeaProjects\springbootintro2\target\classes started by alikc in C:\Users\alikc\IdeaProjects\springbootintro2)
2023-01-20 09:05:43,291 INFO  [restartedMain] com.tpe.Springbootintro2Application:No active profile set, falling back to default profiles: default
2023-01-20 09:05:43,390 INFO  [restartedMain] org.springframework.boot.devtools.env.DevToolsPropertyDefaultsPostProcessor:Devtools property defaults active! Set 'spring.devtools.add-properties' to 'false' to disable
2023-01-20 09:05:43,391 INFO  [restartedMain] org.springframework.boot.devtools.env.DevToolsPropertyDefaultsPostProcessor:For additional web related logging consider setting the 'logging.level.web' property to 'DEBUG'
2023-01-20 09:05:44,970 INFO  [restartedMain] org.springframework.data.repository.config.RepositoryConfigurationDelegate:Bootstrapping Spring Data JPA repositories in DEFAULT mode.
2023-01-20 09:05:45,065 INFO  [restartedMain] org.springframework.data.repository.config.RepositoryConfigurationDelegate:Finished Spring Data repository scanning in 76 ms. Found 1 JPA repository interfaces.
2023-01-20 09:05:46,445 INFO  [restartedMain] org.springframework.boot.web.embedded.tomcat.TomcatWebServer:Tomcat initialized with port(s): 8080 (http)
2023-01-20 09:05:46,468 INFO  [restartedMain] org.apache.catalina.core.StandardService:Starting service [Tomcat]
2023-01-20 09:05:46,469 INFO  [restartedMain] org.apache.catalina.core.StandardEngine:Starting Servlet engine: [Apache Tomcat/9.0.56]
2023-01-20 09:05:46,584 INFO  [restartedMain] org.apache.catalina.core.ContainerBase.[Tomcat].[localhost].[/]:Initializing Spring embedded WebApplicationContext
2023-01-20 09:05:46,585 INFO  [restartedMain] org.springframework.boot.web.servlet.context.ServletWebServerApplicationContext:Root WebApplicationContext: initialization completed in 3191 ms
2023-01-20 09:05:47,068 INFO  [restartedMain] org.hibernate.jpa.internal.util.LogHelper:HHH000204: Processing PersistenceUnitInfo [name: default]
2023-01-20 09:05:47,180 INFO  [restartedMain] org.hibernate.Version:HHH000412: Hibernate ORM core version 5.6.4.Final
2023-01-20 09:05:47,477 INFO  [restartedMain] org.hibernate.annotations.common.Version:HCANN000001: Hibernate Commons Annotations {5.1.2.Final}
2023-01-20 09:05:47,701 INFO  [restartedMain] com.zaxxer.hikari.HikariDataSource:HikariPool-1 - Starting...
2023-01-20 09:05:48,109 INFO  [restartedMain] com.zaxxer.hikari.HikariDataSource:HikariPool-1 - Start completed.
2023-01-20 09:05:48,140 INFO  [restartedMain] org.hibernate.dialect.Dialect:HHH000400: Using dialect: org.hibernate.dialect.PostgreSQLDialect
2023-01-20 09:05:49,374 INFO  [restartedMain] org.hibernate.engine.transaction.jta.platform.internal.JtaPlatformInitiator:HHH000490: Using JtaPlatform implementation: [org.hibernate.engine.transaction.jta.platform.internal.NoJtaPlatform]
2023-01-20 09:05:49,386 INFO  [restartedMain] org.springframework.orm.jpa.LocalContainerEntityManagerFactoryBean:Initialized JPA EntityManagerFactory for persistence unit 'default'
2023-01-20 09:05:50,100 WARN  [restartedMain] org.springframework.boot.autoconfigure.orm.jpa.JpaBaseConfiguration$JpaWebConfiguration:spring.jpa.open-in-view is enabled by default. Therefore, database queries may be performed during view rendering. Explicitly configure spring.jpa.open-in-view to disable this warning
2023-01-20 09:05:50,658 INFO  [restartedMain] org.springframework.boot.autoconfigure.security.servlet.UserDetailsServiceAutoConfiguration:

Using generated security password: f9e2dfad-4e8c-4c10-88cc-d698d7a18005

2023-01-20 09:05:50,861 INFO  [restartedMain] org.springframework.boot.actuate.endpoint.web.EndpointLinksResolver:Exposing 4 endpoint(s) beneath base path '/actuator'
2023-01-20 09:05:50,885 INFO  [restartedMain] org.springframework.security.web.DefaultSecurityFilterChain:Will secure any request with [org.springframework.security.web.context.request.async.WebAsyncManagerIntegrationFilter@106494c8, org.springframework.security.web.context.SecurityContextPersistenceFilter@10a8030f, org.springframework.security.web.header.HeaderWriterFilter@7776c163, org.springframework.web.filter.CorsFilter@7fd114b5, org.springframework.security.web.csrf.CsrfFilter@29ff13fc, org.springframework.security.web.authentication.logout.LogoutFilter@746f40f5, org.springframework.security.web.authentication.UsernamePasswordAuthenticationFilter@69df80a3, org.springframework.security.web.authentication.ui.DefaultLoginPageGeneratingFilter@6c541a63, org.springframework.security.web.authentication.ui.DefaultLogoutPageGeneratingFilter@4aa0214e, org.springframework.security.web.authentication.www.BasicAuthenticationFilter@2df306ff, org.springframework.security.web.savedrequest.RequestCacheAwareFilter@44e5f0b3, org.springframework.security.web.servletapi.SecurityContextHolderAwareRequestFilter@306915bd, org.springframework.security.web.authentication.AnonymousAuthenticationFilter@74774925, org.springframework.security.web.session.SessionManagementFilter@5921eac0, org.springframework.security.web.access.ExceptionTranslationFilter@19c48e80, org.springframework.security.web.access.intercept.FilterSecurityInterceptor@112403f]
2023-01-20 09:05:50,983 INFO  [restartedMain] org.springframework.boot.devtools.autoconfigure.OptionalLiveReloadServer:LiveReload server is running on port 35729
2023-01-20 09:05:51,027 INFO  [restartedMain] org.springframework.boot.web.embedded.tomcat.TomcatWebServer:Tomcat started on port(s): 8080 (http) with context path ''
2023-01-20 09:05:51,043 INFO  [restartedMain] com.tpe.Springbootintro2Application:Started Springbootintro2Application in 8.757 seconds (JVM running for 9.791)
2023-01-20 09:06:13,592 INFO  [http-nio-8080-exec-1] org.apache.catalina.core.ContainerBase.[Tomcat].[localhost].[/]:Initializing Spring DispatcherServlet 'dispatcherServlet'
2023-01-20 09:06:13,953 WARN  [http-nio-8080-exec-1] org.apache.catalina.util.SessionIdGeneratorBase:Creation of SecureRandom instance for session ID generation using [SHA1PRNG] took [278] milliseconds.
2023-01-20 09:09:39,600 INFO  [SpringApplicationShutdownHook] org.springframework.orm.jpa.LocalContainerEntityManagerFactoryBean:Closing JPA EntityManagerFactory for persistence unit 'default'
2023-01-20 09:09:39,631 INFO  [SpringApplicationShutdownHook] com.zaxxer.hikari.HikariDataSource:HikariPool-1 - Shutdown initiated...
2023-01-20 09:09:39,667 INFO  [SpringApplicationShutdownHook] com.zaxxer.hikari.HikariDataSource:HikariPool-1 - Shutdown completed.
2023-01-20 09:09:51,062 INFO  [restartedMain] com.tpe.Springbootintro2Application:Starting Springbootintro2Application using Java 11.0.16.1 on DESKTOP-5OH89VO with PID 49596 (C:\Users\alikc\IdeaProjects\springbootintro2\target\classes started by alikc in C:\Users\alikc\IdeaProjects\springbootintro2)
2023-01-20 09:09:51,064 INFO  [restartedMain] com.tpe.Springbootintro2Application:No active profile set, falling back to default profiles: default
2023-01-20 09:09:51,203 INFO  [restartedMain] org.springframework.boot.devtools.env.DevToolsPropertyDefaultsPostProcessor:Devtools property defaults active! Set 'spring.devtools.add-properties' to 'false' to disable
2023-01-20 09:09:51,203 INFO  [restartedMain] org.springframework.boot.devtools.env.DevToolsPropertyDefaultsPostProcessor:For additional web related logging consider setting the 'logging.level.web' property to 'DEBUG'
2023-01-20 09:09:53,030 INFO  [restartedMain] org.springframework.data.repository.config.RepositoryConfigurationDelegate:Bootstrapping Spring Data JPA repositories in DEFAULT mode.
2023-01-20 09:09:53,125 INFO  [restartedMain] org.springframework.data.repository.config.RepositoryConfigurationDelegate:Finished Spring Data repository scanning in 80 ms. Found 1 JPA repository interfaces.
2023-01-20 09:09:54,581 INFO  [restartedMain] org.springframework.boot.web.embedded.tomcat.TomcatWebServer:Tomcat initialized with port(s): 8080 (http)
2023-01-20 09:09:54,604 INFO  [restartedMain] org.apache.catalina.core.StandardService:Starting service [Tomcat]
2023-01-20 09:09:54,605 INFO  [restartedMain] org.apache.catalina.core.StandardEngine:Starting Servlet engine: [Apache Tomcat/9.0.56]
2023-01-20 09:09:54,717 INFO  [restartedMain] org.apache.catalina.core.ContainerBase.[Tomcat].[localhost].[/]:Initializing Spring embedded WebApplicationContext
2023-01-20 09:09:54,718 INFO  [restartedMain] org.springframework.boot.web.servlet.context.ServletWebServerApplicationContext:Root WebApplicationContext: initialization completed in 3513 ms
2023-01-20 09:09:55,160 INFO  [restartedMain] org.hibernate.jpa.internal.util.LogHelper:HHH000204: Processing PersistenceUnitInfo [name: default]
2023-01-20 09:09:55,306 INFO  [restartedMain] org.hibernate.Version:HHH000412: Hibernate ORM core version 5.6.4.Final
2023-01-20 09:09:55,601 INFO  [restartedMain] org.hibernate.annotations.common.Version:HCANN000001: Hibernate Commons Annotations {5.1.2.Final}
2023-01-20 09:09:55,758 INFO  [restartedMain] com.zaxxer.hikari.HikariDataSource:HikariPool-1 - Starting...
2023-01-20 09:09:56,124 INFO  [restartedMain] com.zaxxer.hikari.HikariDataSource:HikariPool-1 - Start completed.
2023-01-20 09:09:56,158 INFO  [restartedMain] org.hibernate.dialect.Dialect:HHH000400: Using dialect: org.hibernate.dialect.PostgreSQLDialect
2023-01-20 09:09:57,251 INFO  [restartedMain] org.hibernate.engine.transaction.jta.platform.internal.JtaPlatformInitiator:HHH000490: Using JtaPlatform implementation: [org.hibernate.engine.transaction.jta.platform.internal.NoJtaPlatform]
2023-01-20 09:09:57,261 INFO  [restartedMain] org.springframework.orm.jpa.LocalContainerEntityManagerFactoryBean:Initialized JPA EntityManagerFactory for persistence unit 'default'
2023-01-20 09:09:57,940 WARN  [restartedMain] org.springframework.boot.autoconfigure.orm.jpa.JpaBaseConfiguration$JpaWebConfiguration:spring.jpa.open-in-view is enabled by default. Therefore, database queries may be performed during view rendering. Explicitly configure spring.jpa.open-in-view to disable this warning
2023-01-20 09:09:58,756 INFO  [restartedMain] org.springframework.boot.actuate.endpoint.web.EndpointLinksResolver:Exposing 4 endpoint(s) beneath base path '/actuator'
2023-01-20 09:09:58,779 INFO  [restartedMain] org.springframework.security.web.DefaultSecurityFilterChain:Will secure any request with [org.springframework.security.web.context.request.async.WebAsyncManagerIntegrationFilter@a28fcb0, org.springframework.security.web.context.SecurityContextPersistenceFilter@5a35fb95, org.springframework.security.web.header.HeaderWriterFilter@7a1b8a67, org.springframework.web.filter.CorsFilter@6e4db2a4, org.springframework.security.web.csrf.CsrfFilter@7c60c13b, org.springframework.security.web.authentication.logout.LogoutFilter@69436aa6, org.springframework.security.web.authentication.UsernamePasswordAuthenticationFilter@aefaada, org.springframework.security.web.authentication.ui.DefaultLoginPageGeneratingFilter@122696a7, org.springframework.security.web.authentication.ui.DefaultLogoutPageGeneratingFilter@1008246e, org.springframework.security.web.authentication.www.BasicAuthenticationFilter@2bfaa833, org.springframework.security.web.savedrequest.RequestCacheAwareFilter@27076b0a, org.springframework.security.web.servletapi.SecurityContextHolderAwareRequestFilter@30e14e7, org.springframework.security.web.authentication.AnonymousAuthenticationFilter@5ea0d6ed, org.springframework.security.web.session.SessionManagementFilter@73d3a5c2, org.springframework.security.web.access.ExceptionTranslationFilter@15de23a, org.springframework.security.web.access.intercept.FilterSecurityInterceptor@6891102f]
2023-01-20 09:09:58,881 INFO  [restartedMain] org.springframework.boot.devtools.autoconfigure.OptionalLiveReloadServer:LiveReload server is running on port 35729
2023-01-20 09:09:58,934 INFO  [restartedMain] org.springframework.boot.web.embedded.tomcat.TomcatWebServer:Tomcat started on port(s): 8080 (http) with context path ''
2023-01-20 09:09:58,955 INFO  [restartedMain] com.tpe.Springbootintro2Application:Started Springbootintro2Application in 9.159 seconds (JVM running for 10.502)
2023-01-20 09:10:13,384 INFO  [http-nio-8080-exec-1] org.apache.catalina.core.ContainerBase.[Tomcat].[localhost].[/]:Initializing Spring DispatcherServlet 'dispatcherServlet'
2023-01-20 09:10:14,018 WARN  [http-nio-8080-exec-1] org.apache.catalina.util.SessionIdGeneratorBase:Creation of SecureRandom instance for session ID generation using [SHA1PRNG] took [325] milliseconds.
2023-01-20 09:10:42,578 INFO  [SpringApplicationShutdownHook] org.springframework.orm.jpa.LocalContainerEntityManagerFactoryBean:Closing JPA EntityManagerFactory for persistence unit 'default'
2023-01-20 09:10:42,586 INFO  [SpringApplicationShutdownHook] com.zaxxer.hikari.HikariDataSource:HikariPool-1 - Shutdown initiated...
2023-01-20 09:10:42,614 INFO  [SpringApplicationShutdownHook] com.zaxxer.hikari.HikariDataSource:HikariPool-1 - Shutdown completed.
